 >> Multzoen zentroideak
 -2.014  1.115  3.412  3.771 -1.575 -3.235 -1.181  2.902 -3.591  2.311  1.409 -3.198 -2.642  0.006  3.984  0.848 -1.112 -0.097  2.130 -3.133  1.603 -2.992 -2.926 -2.301 -1.453 -2.014  1.115  3.412  3.771 -1.575 -3.235 -1.181  2.902 -3.591  2.311  1.409 -3.198 -2.642  0.006  3.984  0.848 -1.112 -0.097  2.130 -3.133  1.603 -2.992 -2.926 -2.301 -1.453
  3.614  3.445 -2.389 -3.549 -1.658  2.077 -1.562  3.458 -1.430  3.290  2.964 -3.582 -1.890  1.866  1.908  1.503 -3.643 -0.208 -0.058  0.364 -0.223 -3.210  3.252  0.762  0.002  3.614  3.445 -2.389 -3.549 -1.658  2.077 -1.562  3.458 -1.430  3.290  2.964 -3.582 -1.890  1.866  1.908  1.503 -3.643 -0.208 -0.058  0.364 -0.223 -3.210  3.252  0.762  0.002
  1.202 -1.635 -1.907  2.276 -2.854  0.640  1.891 -3.410 -0.667 -0.576 -1.067  2.491 -1.057  3.472 -2.938 -1.766  2.436 -2.520 -2.574 -2.616  0.470  2.929 -2.259 -3.738  3.953  1.202 -1.635 -1.907  2.276 -2.854  0.640  1.891 -3.410 -0.667 -0.576 -1.067  2.491 -1.057  3.472 -2.938 -1.766  2.436 -2.520 -2.574 -2.616  0.470  2.929 -2.259 -3.738  3.953
 -0.063 -0.009  0.006 -0.147  0.122 -0.132 -0.232 -0.073 -0.010  0.057 -0.088 -0.265  0.219  0.012  0.038 -0.377 -0.359 -0.342  0.233 -0.052 -0.060  0.003  0.194 -0.166 -0.006 -0.107  0.018  0.045  0.097 -0.109 -0.003  0.009 -0.077  0.091 -0.322 -0.064  0.075  4.806  0.056 -0.123  0.049  0.080  0.157  0.102  0.075 -0.098 -0.270  0.161  0.011 -0.128
 -3.465 -3.358 -2.908  3.358 -3.095 -2.955 -1.455 -1.975  2.870 -1.934  0.989  1.781 -0.130  1.237  2.783  2.869 -0.288  0.426 -2.078  3.859 -1.516 -3.601  0.022  3.033 -2.180 -3.465 -3.358 -2.908  3.358 -3.095 -2.955 -1.455 -1.975  2.870 -1.934  0.989  1.781 -0.130  1.237  2.783  2.869 -0.288  0.426 -2.078  3.859 -1.516 -3.601  0.022  3.033 -2.180
  3.655 -2.274  1.475  2.807  1.899  3.638  0.424 -0.376 -3.270 -3.136 -2.390  2.857 -3.509 -3.283  1.727  3.638  1.706 -3.410 -0.491 -3.975  3.374  3.459 -0.263 -3.118 -2.619  3.655 -2.274  1.475  2.807  1.899  3.638  0.424 -0.376 -3.270 -3.136 -2.390  2.857 -3.509 -3.283  1.727  3.638  1.706 -3.410 -0.491 -3.975  3.374  3.459 -0.263 -3.118 -2.619
 -3.322 -3.553 -2.220  0.699  0.562 -3.318 -2.563  2.288 -0.762  1.326 -2.730 -1.123  2.831  0.894 -3.312  3.696 -0.414  3.545 -3.813  0.302 -1.646  3.826  3.090 -1.056 -3.584 -3.322 -3.553 -2.220  0.699  0.562 -3.318 -2.563  2.288 -0.762  1.326 -2.730 -1.123  2.831  0.894 -3.312  3.696 -0.414  3.545 -3.813  0.302 -1.646  3.826  3.090 -1.056 -3.584
  3.115  3.399  3.875  3.934 -3.719 -2.743 -3.388  1.810 -3.882 -1.607 -1.628  1.882 -3.089 -3.340 -2.879  2.237  3.011 -2.921  1.069 -3.014 -2.232 -2.154  0.572  2.394  3.115  3.115  3.399  3.875  3.934 -3.719 -2.743 -3.388  1.810 -3.882 -1.607 -1.628  1.882 -3.089 -3.340 -2.879  2.237  3.011 -2.921  1.069 -3.014 -2.232 -2.154  0.572  2.394  3.115
  1.957 -3.251  0.022  1.047 -3.225  0.439  0.163 -3.826  0.314 -2.822  1.538 -1.347  2.872 -0.653 -1.228 -2.734  1.719 -3.346 -1.823 -0.538  2.857  1.496 -1.527  3.937  3.646  1.957 -3.251  0.022  1.047 -3.225  0.439  0.163 -3.826  0.314 -2.822  1.538 -1.347  2.872 -0.653 -1.228 -2.734  1.719 -3.346 -1.823 -0.538  2.857  1.496 -1.527  3.937  3.646
 -3.458  2.786  2.574  1.114  1.181  1.690 -0.930  1.930 -2.288  1.200 -0.213 -0.767  2.445 -0.038  3.548  3.623 -2.501 -1.799  2.496 -2.071 -1.946  0.843  3.648  3.790  3.020 -3.458  2.786  2.574  1.114  1.181  1.690 -0.930  1.930 -2.288  1.200 -0.213 -0.767  2.445 -0.038  3.548  3.623 -2.501 -1.799  2.496 -2.071 -1.946  0.843  3.648  3.790  3.020
 -3.809  2.648 -2.402 -1.335  2.585 -2.756 -3.712  1.371  3.818  1.402  3.634 -1.410  1.554  1.564 -2.616  3.836 -2.649  0.617  2.281 -1.605 -2.754  1.904 -3.024 -3.470 -2.518 -3.809  2.648 -2.402 -1.335  2.585 -2.756 -3.712  1.371  3.818  1.402  3.634 -1.410  1.554  1.564 -2.616  3.836 -2.649  0.617  2.281 -1.605 -2.754  1.904 -3.024 -3.470 -2.518
 -1.095 -1.416  2.325 -1.446 -1.625 -1.573  3.826 -2.977  0.025  3.573  0.690  1.270  3.861  3.142 -1.830  1.263  2.776  0.760  3.899 -2.578  2.144  3.735  3.855  3.842  2.016 -1.095 -1.416  2.325 -1.446 -1.625 -1.573  3.826 -2.977  0.025  3.573  0.690  1.270  3.861  3.142 -1.830  1.263  2.776  0.760  3.899 -2.578  2.144  3.735  3.855  3.842  2.016
 -1.750 -2.910 -2.998 -3.691 -2.381 -1.516 -0.786 -2.715 -3.191 -1.151 -0.340 -0.764 -1.324 -2.235  0.343 -1.751  2.454  2.694  3.192 -1.322 -3.136  0.455 -2.545 -1.294 -2.564 -1.750 -2.910 -2.998 -3.691 -2.381 -1.516 -0.786 -2.715 -3.191 -1.151 -0.340 -0.764 -1.324 -2.235  0.343 -1.751  2.454  2.694  3.192 -1.322 -3.136  0.455 -2.545 -1.294 -2.564
  3.959  1.931  2.253  3.814  1.774 -2.650  3.147 -0.054 -1.648  3.456  1.565 -2.082  3.751  2.850  3.809 -1.399  3.592 -3.874 -1.642 -2.643  0.470 -2.311  0.894 -0.836 -3.119  3.959  1.931  2.253  3.814  1.774 -2.650  3.147 -0.054 -1.648  3.456  1.565 -2.082  3.751  2.850  3.809 -1.399  3.592 -3.874 -1.642 -2.643  0.470 -2.311  0.894 -0.836 -3.119
  0.654 -2.890 -1.582  2.109 -0.184 -3.065 -0.850 -2.252  3.188 -1.035  0.604 -3.462  3.194 -3.450 -1.109 -0.269 -0.804 -2.110 -0.518  3.127 -2.301 -0.835 -0.199  2.908  1.523  0.654 -2.890 -1.582  2.109 -0.184 -3.065 -0.850 -2.252  3.188 -1.035  0.604 -3.462  3.194 -3.450 -1.109 -0.269 -0.804 -2.110 -0.518  3.127 -2.301 -0.835 -0.199  2.908  1.523
  1.158 -0.622  0.294  3.134  2.542  1.175 -0.213  0.734  0.675  2.978 -3.450  1.610 -1.872  3.380  0.799 -1.826 -0.016  1.338  2.450 -2.385  1.310 -1.819  0.811  3.202  1.664  1.158 -0.622  0.294  3.134  2.542  1.175 -0.213  0.734  0.675  2.978 -3.450  1.610 -1.872  3.380  0.799 -1.826 -0.016  1.338  2.450 -2.385  1.310 -1.819  0.811  3.202  1.664
 -2.979  1.982 -3.171  0.822  0.890 -0.566  3.062  1.350  3.729 -0.723 -3.026 -2.014  0.146  1.709  2.661 -0.875  2.259  0.272 -1.666 -1.278 -2.929 -2.409  2.706 -0.510 -3.959 -2.979  1.982 -3.171  0.822  0.890 -0.566  3.062  1.350  3.729 -0.723 -3.026 -2.014  0.146  1.709  2.661 -0.875  2.259  0.272 -1.666 -1.278 -2.929 -2.409  2.706 -0.510 -3.959
  1.403  1.883 -1.778  3.296 -1.834  0.968 -3.683 -3.851  1.797  1.139 -1.878  2.313 -2.718  3.472  2.042  0.560 -3.554  1.110 -3.294 -0.763 -0.230 -3.087 -2.504  1.124 -3.671  1.403  1.883 -1.778  3.296 -1.834  0.968 -3.683 -3.851  1.797  1.139 -1.878  2.313 -2.718  3.472  2.042  0.560 -3.554  1.110 -3.294 -0.763 -0.230 -3.087 -2.504  1.124 -3.671
 -2.701 -0.723 -2.080  1.087  2.768 -2.038 -1.510  0.651 -2.734 -2.214  2.818  2.234 -1.896  0.048 -2.888  0.325  2.170  3.426 -1.311 -1.277 -1.451  3.249 -3.749  3.658  1.037 -2.701 -0.723 -2.080  1.087  2.768 -2.038 -1.510  0.651 -2.734 -2.214  2.818  2.234 -1.896  0.048 -2.888  0.325  2.170  3.426 -1.311 -1.277 -1.451  3.249 -3.749  3.658  1.037
 -0.512 -3.489  1.950 -1.934  1.635  2.279 -0.634 -3.087 -3.801 -3.547  0.762  3.242 -3.975 -2.586  1.590 -2.188  1.313 -0.177 -3.002 -2.639  0.936 -1.596  0.613 -2.557  1.093 -0.512 -3.489  1.950 -1.934  1.635  2.279 -0.634 -3.087 -3.801 -3.547  0.762  3.242 -3.975 -2.586  1.590 -2.188  1.313 -0.177 -3.002 -2.639  0.936 -1.596  0.613 -2.557  1.093
  0.152 -0.145 -0.123 -0.211 -0.127  0.175 -0.120 -0.192 -0.005  0.322  0.020 -0.076 -0.083 -0.167 -0.100  0.032  0.165 -0.057  0.041 -0.102 -0.126  0.115  0.379  0.206  0.008  0.177  0.119 -0.055  0.041  0.017  0.030 -0.002 -0.084  0.072  0.061 -0.124  0.001  4.492  0.002  0.091 -0.267  0.075  0.177  0.119  0.065 -0.141 -0.127  0.025 -0.069  0.071
 -3.031  0.809 -1.473  1.582  2.252  3.620 -2.001  3.326 -2.956 -0.250  1.140  3.506 -0.091 -0.534 -0.083 -3.704  0.509 -0.311 -3.950  2.464 -3.258  1.338 -1.736  1.038 -1.348 -3.031  0.809 -1.473  1.582  2.252  3.620 -2.001  3.326 -2.956 -0.250  1.140  3.506 -0.091 -0.534 -0.083 -3.704  0.509 -0.311 -3.950  2.464 -3.258  1.338 -1.736  1.038 -1.348
  0.128 -0.089  0.021 -0.073  0.022 -0.047 -0.086 -0.122  0.034  0.094  0.169 -0.081  0.016 -0.092  0.138 -0.096 -0.012  0.004  0.056 -0.030  0.091 -0.048  0.144 -0.061 -0.061  0.026 -0.128 -0.005  0.067 -0.053  0.045 -0.113 -0.008 -0.046  0.069 -0.063  0.087  4.511  0.045 -0.042  0.032  0.118  0.175  0.070 -0.006 -0.036 -0.081  0.037  0.011  0.039
  0.008  2.354  2.387 -0.646 -3.526 -2.961  3.912 -2.439  3.898 -2.840  1.439  2.881  2.295  2.126  1.472 -0.825  1.066 -0.317  3.137  1.494  1.102 -2.233  1.981  2.027 -1.530  0.008  2.354  2.387 -0.646 -3.526 -2.961  3.912 -2.439  3.898 -2.840  1.439  2.881  2.295  2.126  1.472 -0.825  1.066 -0.317  3.137  1.494  1.102 -2.233  1.981  2.027 -1.530
  3.016  3.950 -0.532  3.478  1.562  0.517 -3.433 -3.002 -1.096 -0.079  2.554 -2.975 -3.085 -3.886 -3.077 -1.925  1.554  0.886  1.453 -0.320 -1.642  1.710  1.827 -0.877  0.846  3.016  3.950 -0.532  3.478  1.562  0.517 -3.433 -3.002 -1.096 -0.079  2.554 -2.975 -3.085 -3.886 -3.077 -1.925  1.554  0.886  1.453 -0.320 -1.642  1.710  1.827 -0.877  0.846
 -0.679 -3.774 -0.305  2.384  2.254  2.165  1.400 -0.714 -2.366 -2.041 -3.151 -0.768 -1.473  2.929 -0.782 -0.470 -1.436  0.243 -2.474  3.760 -1.751 -3.316  1.314  3.134  2.137 -0.679 -3.774 -0.305  2.384  2.254  2.165  1.400 -0.714 -2.366 -2.041 -3.151 -0.768 -1.473  2.929 -0.782 -0.470 -1.436  0.243 -2.474  3.760 -1.751 -3.316  1.314  3.134  2.137
  2.075 -2.507 -3.072 -3.016  0.616  1.775 -2.614  0.842 -2.530  3.770 -3.823  0.718  1.170 -0.537 -0.567  0.212 -2.606  2.665 -0.179  1.404 -2.117  0.432  3.968 -0.791  1.959  2.075 -2.507 -3.072 -3.016  0.616  1.775 -2.614  0.842 -2.530  3.770 -3.823  0.718  1.170 -0.537 -0.567  0.212 -2.606  2.665 -0.179  1.404 -2.117  0.432  3.968 -0.791  1.959
  0.451 -0.324 -0.051  0.063 -0.017  0.078 -0.364 -0.058  0.109  0.164  0.125  0.022 -0.069 -0.061  0.117 -0.180  0.205  0.169  0.193 -0.107 -0.083 -0.071  0.301  0.247  0.059  0.287  0.260 -0.225 -0.116 -0.212  0.005  0.048  0.123  0.089  0.485 -0.328 -0.090  4.404 -0.058 -0.238  0.099 -0.104  0.225 -0.285  0.104 -0.169 -0.095  0.014 -0.160 -0.031
 -0.197 -0.093 -0.536  0.143 -0.286 -0.024 -0.086 -0.690  0.084  0.232  0.444 -0.283 -0.464  0.522  0.167 -0.224 -0.164  0.200 -0.096 -0.768  0.063 -0.176  0.020 -0.033  0.203 -0.407 -0.298 -0.532  0.155 -0.287  0.422 -0.060 -0.050  0.082  0.116  0.014  0.173  4.526  0.049 -0.137  0.289  0.534  0.374  0.654  0.300 -0.263  0.038 -0.264  0.126 -0.036
  3.451 -1.923 -1.044 -3.645  3.254 -2.256 -0.256  2.316 -1.954 -1.980  1.668 -3.692 -1.814 -1.522  3.376  0.477 -0.120 -3.694  0.046 -3.551 -2.893  2.962 -2.118  0.637  2.610  3.451 -1.923 -1.044 -3.645  3.254 -2.256 -0.256  2.316 -1.954 -1.980  1.668 -3.692 -1.814 -1.522  3.376  0.477 -0.120 -3.694  0.046 -3.551 -2.893  2.962 -2.118  0.637  2.610
  3.940  0.366 -1.238 -1.955  1.011 -1.250  2.578  0.170  1.706  2.933 -0.576  3.450 -1.322  2.822  2.578 -2.221  0.490 -0.031 -0.034  0.050 -0.655 -3.558  3.930 -3.267 -2.429  3.940  0.366 -1.238 -1.955  1.011 -1.250  2.578  0.170  1.706  2.933 -0.576  3.450 -1.322  2.822  2.578 -2.221  0.490 -0.031 -0.034  0.050 -0.655 -3.558  3.930 -3.267 -2.429
  1.461  2.922 -3.466  3.342 -0.442  3.144  3.282  3.924 -2.094  2.409 -1.983  0.655  0.987  2.186  3.443 -2.998  2.692  2.894 -3.239  1.514 -1.446 -1.460  3.087  2.522 -0.412  1.461  2.922 -3.466  3.342 -0.442  3.144  3.282  3.924 -2.094  2.409 -1.983  0.655  0.987  2.186  3.443 -2.998  2.692  2.894 -3.239  1.514 -1.446 -1.460  3.087  2.522 -0.412
 -0.862  2.950 -2.888 -3.850  3.682 -1.317  1.610 -0.314 -0.783  0.953  0.326  3.442 -2.682  0.250 -2.652  3.726 -0.652 -0.914  0.714 -2.466 -1.471 -1.202  1.308  2.504 -0.442 -0.862  2.950 -2.888 -3.850  3.682 -1.317  1.610 -0.314 -0.783  0.953  0.326  3.442 -2.682  0.250 -2.652  3.726 -0.652 -0.914  0.714 -2.466 -1.471 -1.202  1.308  2.504 -0.442
 -1.177 -2.942 -0.819  2.992  0.662  2.769  3.211 -0.388  0.962  3.361 -3.624  3.646  0.971 -2.857  3.945  3.006  1.469  3.388 -3.677  2.800  1.818  1.132 -1.852 -3.097  2.927 -1.177 -2.942 -0.819  2.992  0.662  2.769  3.211 -0.388  0.962  3.361 -3.624  3.646  0.971 -2.857  3.945  3.006  1.469  3.388 -3.677  2.800  1.818  1.132 -1.852 -3.097  2.927
 -3.236 -3.486 -2.275  2.072  0.099  1.284  1.977  1.158 -3.535 -1.950  2.902  0.315 -2.738  3.595 -2.722 -3.378  1.053  2.006 -1.325  2.196  1.951 -2.318 -0.335  1.339  3.086 -3.236 -3.486 -2.275  2.072  0.099  1.284  1.977  1.158 -3.535 -1.950  2.902  0.315 -2.738  3.595 -2.722 -3.378  1.053  2.006 -1.325  2.196  1.951 -2.318 -0.335  1.339  3.086
  3.546 -0.843  0.218 -2.306 -2.858 -0.854  3.540  2.738 -2.047 -1.306 -1.162  3.237 -3.329  1.077  0.783 -1.278 -0.022 -2.902 -2.934 -0.426  3.458 -2.312 -3.374  1.464  0.364  3.546 -0.843  0.218 -2.306 -2.858 -0.854  3.540  2.738 -2.047 -1.306 -1.162  3.237 -3.329  1.077  0.783 -1.278 -0.022 -2.902 -2.934 -0.426  3.458 -2.312 -3.374  1.464  0.364
 -0.096 -3.503 -0.873  0.650  1.836 -1.786  0.197  2.075  2.433 -1.027  0.299  2.661 -1.487 -0.963 -3.386  1.206  1.874  0.933 -1.041 -1.049 -2.284 -1.237  0.011  3.897 -0.171 -0.096 -3.503 -0.873  0.650  1.836 -1.786  0.197  2.075  2.433 -1.027  0.299  2.661 -1.487 -0.963 -3.386  1.206  1.874  0.933 -1.041 -1.049 -2.284 -1.237  0.011  3.897 -0.171
  0.666  3.355 -1.402 -1.626 -2.099  2.962  2.278 -1.602  3.171 -1.071  1.316 -2.614  0.207 -3.527  0.900  3.180  0.772 -0.439  2.774  0.891  0.174 -0.018  3.847 -2.893  0.022  0.666  3.355 -1.402 -1.626 -2.099  2.962  2.278 -1.602  3.171 -1.071  1.316 -2.614  0.207 -3.527  0.900  3.180  0.772 -0.439  2.774  0.891  0.174 -0.018  3.847 -2.893  0.022
  3.881  3.906  2.786 -0.108  3.802  3.696  1.641  0.239 -1.705 -3.985  2.140  2.339  2.294 -3.462  1.511  2.305  1.855  2.897 -1.487  2.328 -3.122 -2.307 -3.818  0.439 -3.532  3.881  3.906  2.786 -0.108  3.802  3.696  1.641  0.239 -1.705 -3.985  2.140  2.339  2.294 -3.462  1.511  2.305  1.855  2.897 -1.487  2.328 -3.122 -2.307 -3.818  0.439 -3.532
 -1.845  1.695 -2.469 -1.998 -0.115 -1.365  2.965 -0.210 -2.578  3.939 -3.326 -2.882  1.580  0.914 -3.506  1.595 -0.946  2.834 -3.029 -3.326  0.346  3.277  2.530 -3.676 -2.210 -1.845  1.695 -2.469 -1.998 -0.115 -1.365  2.965 -0.210 -2.578  3.939 -3.326 -2.882  1.580  0.914 -3.506  1.595 -0.946  2.834 -3.029 -3.326  0.346  3.277  2.530 -3.676 -2.210
 -2.061 -2.798 -3.436  3.203 -1.277  2.114  2.440  1.500  0.726  1.525 -2.615  3.362  0.490 -1.743  1.866 -2.490 -3.987  0.065  3.090  0.926  0.560 -2.232  1.062 -0.606 -1.261 -2.061 -2.798 -3.436  3.203 -1.277  2.114  2.440  1.500  0.726  1.525 -2.615  3.362  0.490 -1.743  1.866 -2.490 -3.987  0.065  3.090  0.926  0.560 -2.232  1.062 -0.606 -1.261
  1.737  0.822 -1.984 -2.652 -1.773 -3.113 -3.631 -3.489  2.534  3.573 -3.684 -2.271  2.013  1.816  2.456 -0.462  0.283 -1.100  1.110 -0.378 -3.234  2.620 -0.365 -2.088 -1.207  1.737  0.822 -1.984 -2.652 -1.773 -3.113 -3.631 -3.489  2.534  3.573 -3.684 -2.271  2.013  1.816  2.456 -0.462  0.283 -1.100  1.110 -0.378 -3.234  2.620 -0.365 -2.088 -1.207
 -3.438  2.472  0.561  1.624  2.948  3.300 -3.558 -3.149  2.398 -2.210 -0.922  0.367 -1.840 -3.329  3.982  2.814 -3.013 -2.288 -2.091  2.804  1.250 -1.471 -3.831 -3.850  3.638 -3.438  2.472  0.561  1.624  2.948  3.300 -3.558 -3.149  2.398 -2.210 -0.922  0.367 -1.840 -3.329  3.982  2.814 -3.013 -2.288 -2.091  2.804  1.250 -1.471 -3.831 -3.850  3.638
 -0.210  1.997 -0.660  3.426  0.990  2.133  1.070 -3.455 -1.306  3.775  3.493  3.076 -3.782  1.426  1.474 -1.991  1.586  2.923 -2.750  2.258  2.906  1.146  0.327 -3.382  3.056 -0.210  1.997 -0.660  3.426  0.990  2.133  1.070 -3.455 -1.306  3.775  3.493  3.076 -3.782  1.426  1.474 -1.991  1.586  2.923 -2.750  2.258  2.906  1.146  0.327 -3.382  3.056
 -0.869 -1.050 -2.415 -3.618 -3.819  2.305  0.173  2.178 -2.355 -3.320 -0.832  3.778  1.750 -0.287  3.554  1.526 -3.712  2.630 -1.174  1.714 -2.814  0.834 -3.618 -3.890 -0.833 -0.869 -1.050 -2.415 -3.618 -3.819  2.305  0.173  2.178 -2.355 -3.320 -0.832  3.778  1.750 -0.287  3.554  1.526 -3.712  2.630 -1.174  1.714 -2.814  0.834 -3.618 -3.890 -0.833

 >> Multzoen tamaina: 45 multzo

        0        0        0        0        0        0        0        0        0        0
        0        0        0        0        0        0        0        0        0        0
       20        0      980        0        0        0        0        0        0        0
        0        0        0        0        0        0        0        0        0        0
        0        0        0        0        0

 >> Multzoen trinkotasuna 

     0.00     0.00     0.00     0.00     0.00     0.00     0.00     0.00     0.00     0.00
     0.00     0.00     0.00     0.00     0.00     0.00     0.00     0.00     0.00     0.00
     0.21     0.00     0.21     0.00     0.00     0.00     0.00     0.00     0.00     0.00
     0.00     0.00     0.00     0.00     0.00     0.00     0.00     0.00     0.00     0.00
     0.00     0.00     0.00     0.00     0.00

 >> Alorren analisia (medianak)

 Alor.  M_max - Tald   M_min - Tald
 ==================================
   0     0.74 - 22      0.73 - 20
   1     0.70 - 22      0.70 - 20
   2     0.60 - 22      0.59 - 20
   3     0.73 - 20      0.71 - 22
   4     0.72 - 20      0.72 - 22
   5     0.82 - 22      0.80 - 20
   6     0.73 - 20      0.71 - 22
   7     0.79 - 20      0.78 - 22
   8     0.77 - 22      0.76 - 20
   9     0.77 - 22      0.76 - 20
  10     0.64 - 20      0.64 - 22
  11     0.64 - 22      0.64 - 20
  12     0.79 - 22      0.78 - 20
  13     0.74 - 22      0.72 - 20
  14     0.87 - 20      0.84 - 22
  15     0.72 - 22      0.72 - 20
  16     0.61 - 22      0.61 - 20
  17     0.54 - 20      0.53 - 22
  18     0.83 - 20      0.82 - 22
  19     0.65 - 22      0.62 - 20
  20     0.84 - 22      0.82 - 20
  21     0.67 - 20      0.66 - 22
  22     0.69 - 20      0.68 - 22
  23     0.73 - 20      0.70 - 22
